Using pre-set license
Built from '2021.3/staging' branch; Version is '2021.3.29f1 (204d6dc9ae1c) revision 2116973'; Using compiler version '192829333'; Build Type 'Release'
OS: 'Windows 11  (10.0.22621) 64bit Professional' Language: 'en' Physical Memory: 32547 MB
BatchMode: 1, IsHumanControllingUs: 0, StartBugReporterOnCrash: 0, Is64bit: 1, IsPro: 1

COMMAND LINE ARGUMENTS:
C:\Program Files\Unity 2021.3.29f1\Editor\Unity.exe
-adb2
-batchMode
-noUpm
-name
AssetImportWorker0
-projectPath
C:/Users/eelwood/Documents/GitHub/Game-Jam/Game Jam
-logFile
Logs/AssetImportWorker0.log
-srvPort
51719
Successfully changed project path to: C:/Users/eelwood/Documents/GitHub/Game-Jam/Game Jam
C:/Users/eelwood/Documents/GitHub/Game-Jam/Game Jam
[UnityMemory] Configuration Parameters - Can be set up in boot.config
    "memorysetup-bucket-allocator-granularity=16"
    "memorysetup-bucket-allocator-bucket-count=8"
    "memorysetup-bucket-allocator-block-size=33554432"
    "memorysetup-bucket-allocator-block-count=8"
    "memorysetup-main-allocator-block-size=16777216"
    "memorysetup-thread-allocator-block-size=16777216"
    "memorysetup-gfx-main-allocator-block-size=16777216"
    "memorysetup-gfx-thread-allocator-block-size=16777216"
    "memorysetup-cache-allocator-block-size=4194304"
    "memorysetup-typetree-allocator-block-size=2097152"
    "memorysetup-profiler-bucket-allocator-granularity=16"
    "memorysetup-profiler-bucket-allocator-bucket-count=8"
    "memorysetup-profiler-bucket-allocator-block-size=33554432"
    "memorysetup-profiler-bucket-allocator-block-count=8"
    "memorysetup-profiler-allocator-block-size=16777216"
    "memorysetup-profiler-editor-allocator-block-size=1048576"
    "memorysetup-temp-allocator-size-main=16777216"
    "memorysetup-job-temp-allocator-block-size=2097152"
    "memorysetup-job-temp-allocator-block-size-background=1048576"
    "memorysetup-job-temp-allocator-reduction-small-platforms=262144"
    "memorysetup-temp-allocator-size-background-worker=32768"
    "memorysetup-temp-allocator-size-job-worker=262144"
    "memorysetup-temp-allocator-size-preload-manager=33554432"
    "memorysetup-temp-allocator-size-nav-mesh-worker=65536"
    "memorysetup-temp-allocator-size-audio-worker=65536"
    "memorysetup-temp-allocator-size-cloud-worker=32768"
    "memorysetup-temp-allocator-size-gi-baking-worker=262144"
    "memorysetup-temp-allocator-size-gfx=262144"
Player connection [27252] Host "[IP] 192.168.1.156 [Port] 0 [Flags] 2 [Guid] 2083685678 [EditorId] 2083685678 [Version] 1048832 [Id] WindowsEditor(7,DESKTOP-N5O3A4Q) [Debug] 1 [PackageName] WindowsEditor [ProjectName] Editor" joined multi-casting on [225.0.0.222:54997]...

Player connection [27252] Host "[IP] 192.168.1.156 [Port] 0 [Flags] 2 [Guid] 2083685678 [EditorId] 2083685678 [Version] 1048832 [Id] WindowsEditor(7,DESKTOP-N5O3A4Q) [Debug] 1 [PackageName] WindowsEditor [ProjectName] Editor" joined alternative multi-casting on [225.0.0.222:34997]...

Refreshing native plugins compatible for Editor in 56.84 ms, found 3 plugins.
Preloading 0 native plugins for Editor in 0.00 ms.
Initialize engine version: 2021.3.29f1 (204d6dc9ae1c)
[Subsystems] Discovering subsystems at path C:/Program Files/Unity 2021.3.29f1/Editor/Data/Resources/UnitySubsystems
[Subsystems] Discovering subsystems at path C:/Users/eelwood/Documents/GitHub/Game-Jam/Game Jam/Assets
GfxDevice: creating device client; threaded=0; jobified=0
Direct3D:
    Version:  Direct3D 11.0 [level 11.1]
    Renderer: NVIDIA GeForce RTX 3070 Laptop GPU (ID=0x249d)
    Vendor:   NVIDIA
    VRAM:     8033 MB
    Driver:   31.0.15.3667
Initialize mono
Mono path[0] = 'C:/Program Files/Unity 2021.3.29f1/Editor/Data/Managed'
Mono path[1] = 'C:/Program Files/Unity 2021.3.29f1/Editor/Data/MonoBleedingEdge/lib/mono/unityjit-win32'
Mono config path = 'C:/Program Files/Unity 2021.3.29f1/Editor/Data/MonoBleedingEdge/etc'
Using monoOptions --debugger-agent=transport=dt_socket,embedding=1,server=y,suspend=n,address=127.0.0.1:56856
Begin MonoManager ReloadAssembly
Registering precompiled unity dll's ...
Register platform support module: C:/Program Files/Unity 2021.3.29f1/Editor/Data/PlaybackEngines/WindowsStandaloneSupport/UnityEditor.WindowsStandalone.Extensions.dll
Registered in 0.002832 seconds.
Native extension for WindowsStandalone target not found
Refreshing native plugins compatible for Editor in 57.67 ms, found 3 plugins.
Preloading 0 native plugins for Editor in 0.00 ms.
Mono: successfully reloaded assembly
- Completed reload, in  0.520 seconds
Domain Reload Profiling:
	ReloadAssembly (520ms)
		BeginReloadAssembly (75ms)
			ExecutionOrderSort (0ms)
			DisableScriptedObjects (0ms)
			BackupInstance (0ms)
			ReleaseScriptingObjects (0ms)
			CreateAndSetChildDomain (1ms)
		EndReloadAssembly (357ms)
			LoadAssemblies (73ms)
			RebuildTransferFunctionScriptingTraits (0ms)
			SetupTypeCache (91ms)
			ReleaseScriptCaches (0ms)
			RebuildScriptCaches (21ms)
			SetupLoadedEditorAssemblies (204ms)
				LogAssemblyErrors (0ms)
				InitializePlatformSupportModulesInManaged (5ms)
				SetLoadedEditorAssemblies (0ms)
				RefreshPlugins (58ms)
				BeforeProcessingInitializeOnLoad (1ms)
				ProcessInitializeOnLoadAttributes (103ms)
				ProcessInitializeOnLoadMethodAttributes (36ms)
				AfterProcessingInitializeOnLoad (0ms)
				EditorAssembliesLoaded (0ms)
			ExecutionOrderSort2 (0ms)
			AwakeInstancesAfterBackupRestoration (0ms)
Platform modules already initialized, skipping
Registering precompiled user dll's ...
Registered in 0.003133 seconds.
Begin MonoManager ReloadAssembly
Symbol file LoadedFromMemory doesn't match image C:\Users\eelwood\Documents\GitHub\Game-Jam\Game Jam\Library\PackageCache\com.unity.visualscripting@1.8.0\Editor\VisualScripting.Core\Dependencies\YamlDotNet\Unity.VisualScripting.YamlDotNet.dll
Symbol file LoadedFromMemory doesn't match image C:\Users\eelwood\Documents\GitHub\Game-Jam\Game Jam\Library\PackageCache\com.unity.visualscripting@1.8.0\Editor\VisualScripting.Core\Dependencies\DotNetZip\Unity.VisualScripting.IonicZip.dll
Native extension for WindowsStandalone target not found
Refreshing native plugins compatible for Editor in 0.44 ms, found 3 plugins.
Preloading 0 native plugins for Editor in 0.00 ms.
Package Manager log level set to [2]
[Package Manager] Server::EnsureServerProcessIsRunning -- launch failed, reason: Unity was launched with the -noUpm command-line argument
[Package Manager] Cannot connect to Unity Package Manager local server
Mono: successfully reloaded assembly
- Completed reload, in  1.123 seconds
Domain Reload Profiling:
	ReloadAssembly (1123ms)
		BeginReloadAssembly (92ms)
			ExecutionOrderSort (0ms)
			DisableScriptedObjects (5ms)
			BackupInstance (0ms)
			ReleaseScriptingObjects (0ms)
			CreateAndSetChildDomain (17ms)
		EndReloadAssembly (936ms)
			LoadAssemblies (67ms)
			RebuildTransferFunctionScriptingTraits (0ms)
			SetupTypeCache (206ms)
			ReleaseScriptCaches (1ms)
			RebuildScriptCaches (38ms)
			SetupLoadedEditorAssemblies (600ms)
				LogAssemblyErrors (0ms)
				InitializePlatformSupportModulesInManaged (3ms)
				SetLoadedEditorAssemblies (0ms)
				RefreshPlugins (0ms)
				BeforeProcessingInitializeOnLoad (58ms)
				ProcessInitializeOnLoadAttributes (519ms)
				ProcessInitializeOnLoadMethodAttributes (15ms)
				AfterProcessingInitializeOnLoad (4ms)
				EditorAssembliesLoaded (0ms)
			ExecutionOrderSort2 (0ms)
			AwakeInstancesAfterBackupRestoration (4ms)
Platform modules already initialized, skipping
========================================================================
Worker process is ready to serve import requests
Launched and connected shader compiler UnityShaderCompiler.exe after 0.03 seconds
Refreshing native plugins compatible for Editor in 0.66 ms, found 3 plugins.
Preloading 0 native plugins for Editor in 0.00 ms.
Unloading 3084 Unused Serialized files (Serialized files now loaded: 0)
Unloading 22 unused Assets / (46.4 KB). Loaded Objects now: 3547.
Memory consumption went from 110.2 MB to 110.2 MB.
Total: 4.003300 ms (FindLiveObjects: 0.386600 ms CreateObjectMapping: 0.197600 ms MarkObjects: 3.291700 ms  DeleteObjects: 0.126200 ms)

AssetImportParameters requested are different than current active one (requested -> active):
  custom:video-decoder-ogg-theora: a1e56fd34408186e4bbccfd4996cb3dc -> 
  custom:container-muxer-webm: aa71ff27fc2769a1b78a27578f13a17b -> 
  custom:container-demuxer-webm: 4f35f7cbe854078d1ac9338744f61a02 -> 
  custom:video-encoder-webm-vp8: eb34c28f22e8b96e1ab97ce403110664 -> 
  custom:CustomObjectIndexerAttribute: bc11b3a6c3213fcdd17b65e7da85e133 -> 
  custom:audio-encoder-webm-vorbis: bf7c407c2cedff20999df2af8eb42d56 -> 
  custom:framework-win-MediaFoundation: 216162199b28c13a410421893ffa2e32 -> 
  custom:container-demuxer-ogg: 62fdf1f143b41e24485cea50d1cbac27 -> 
  custom:video-decoder-webm-vp8: 9c59270c3fd7afecdb556c50c9e8de78 -> 
  custom:audio-decoder-ogg-vorbis: bf7c407c2cedff20999df2af8eb42d56 -> 
========================================================================
Received Import Request.
  Time since last request: 10371.777559 seconds.
  path: Assets/Font/IMMORTAL SDF.asset
  artifactKey: Guid(7678528101feac54fb5c7237f00f0e07) Importer(815301076,1909f56bfc062723c751e8b465ee728b)
Start importing Assets/Font/IMMORTAL SDF.asset using Guid(7678528101feac54fb5c7237f00f0e07) Importer(815301076,1909f56bfc062723c751e8b465ee728b)  -> (artifact id: '2bde1dd6cf89d58a9ca9df605edfd727') in 0.142048 seconds 
========================================================================
Received Import Request.
  Time since last request: 495.565358 seconds.
  path: Assets/Ch44_nonPBR.fbx
  artifactKey: Guid(4b24d21101211fd4abbc3cb2952cdab7) Importer(815301076,1909f56bfc062723c751e8b465ee728b)
Start importing Assets/Ch44_nonPBR.fbx using Guid(4b24d21101211fd4abbc3cb2952cdab7) Importer(815301076,1909f56bfc062723c751e8b465ee728b)  -> (artifact id: 'cdc3f2f978bab28f748d0e6ca6ccdb89') in 0.154493 seconds 
========================================================================
Received Import Request.
  Time since last request: 20.151941 seconds.
  path: Assets/Models/Paladin J Nordstrom.fbx
  artifactKey: Guid(e8e437d34e381104cb7018d4aec5040d) Importer(815301076,1909f56bfc062723c751e8b465ee728b)
Start importing Assets/Models/Paladin J Nordstrom.fbx using Guid(e8e437d34e381104cb7018d4aec5040d) Importer(815301076,1909f56bfc062723c751e8b465ee728b)  -> (artifact id: 'd6afad8fa9c726df5cc9b3bbd342cf34') in 0.045110 seconds 
========================================================================
Received Import Request.
  Time since last request: 10.759036 seconds.
  path: Assets/Models/Ch44_nonPBR.fbx
  artifactKey: Guid(4b24d21101211fd4abbc3cb2952cdab7) Importer(815301076,1909f56bfc062723c751e8b465ee728b)
Start importing Assets/Models/Ch44_nonPBR.fbx using Guid(4b24d21101211fd4abbc3cb2952cdab7) Importer(815301076,1909f56bfc062723c751e8b465ee728b)  -> (artifact id: '62dead0c0c6f37fafd97a9a284d5432d') in 0.039618 seconds 
========================================================================
Received Import Request.
  Time since last request: 18.645058 seconds.
  path: Assets/Models/Ch44_nonPBR.fbx
  artifactKey: Guid(4b24d21101211fd4abbc3cb2952cdab7) Importer(815301076,1909f56bfc062723c751e8b465ee728b)
Start importing Assets/Models/Ch44_nonPBR.fbx using Guid(4b24d21101211fd4abbc3cb2952cdab7) Importer(815301076,1909f56bfc062723c751e8b465ee728b)  -> (artifact id: 'e1bf485ef5866de96af766d3b6d64659') in 0.213019 seconds 
========================================================================
Received Import Request.
  Time since last request: 0.000046 seconds.
  path: Assets/Models/Ch44_1002_Normal.png
  artifactKey: Guid(d6d62fef7bedd27449c1bf50c437eaa1) Importer(815301076,1909f56bfc062723c751e8b465ee728b)
Start importing Assets/Models/Ch44_1002_Normal.png using Guid(d6d62fef7bedd27449c1bf50c437eaa1) Importer(815301076,1909f56bfc062723c751e8b465ee728b)  -> (artifact id: '66b97366ed13f90eb2e7488c5d5977f1') in 0.038532 seconds 
========================================================================
Received Import Request.
  Time since last request: 0.000039 seconds.
  path: Assets/Models/Ch44_1002_Diffuse.png
  artifactKey: Guid(78d87fc3e6db2134d9a5c48085c73602) Importer(815301076,1909f56bfc062723c751e8b465ee728b)
Start importing Assets/Models/Ch44_1002_Diffuse.png using Guid(78d87fc3e6db2134d9a5c48085c73602) Importer(815301076,1909f56bfc062723c751e8b465ee728b)  -> (artifact id: 'b2c51bcd1d4e63a606b076017de6e3b1') in 0.026560 seconds 
========================================================================
Received Import Request.
  Time since last request: 0.000033 seconds.
  path: Assets/Models/Ch44_1002_Glossiness.png
  artifactKey: Guid(fb375b83b5bc7d6428f6ca35e53184be) Importer(815301076,1909f56bfc062723c751e8b465ee728b)
Start importing Assets/Models/Ch44_1002_Glossiness.png using Guid(fb375b83b5bc7d6428f6ca35e53184be) Importer(815301076,1909f56bfc062723c751e8b465ee728b)  -> (artifact id: 'c3fb174afc3446091f1a5bafc0e854c6') in 0.026163 seconds 
========================================================================
Received Import Request.
  Time since last request: 0.000027 seconds.
  path: Assets/Models/Ch44_1001_Glossiness.png
  artifactKey: Guid(04b702954564fd341bd530dcd3fb8304) Importer(815301076,1909f56bfc062723c751e8b465ee728b)
Start importing Assets/Models/Ch44_1001_Glossiness.png using Guid(04b702954564fd341bd530dcd3fb8304) Importer(815301076,1909f56bfc062723c751e8b465ee728b)  -> (artifact id: '458fdcae9ea4fb8e767f831b30d0c33d') in 0.021122 seconds 
========================================================================
Received Import Request.
  Time since last request: 0.000041 seconds.
  path: Assets/Models/Ch44_1001_Normal.png
  artifactKey: Guid(69a0e91423136f04c94a5109ea88a759) Importer(815301076,1909f56bfc062723c751e8b465ee728b)
Start importing Assets/Models/Ch44_1001_Normal.png using Guid(69a0e91423136f04c94a5109ea88a759) Importer(815301076,1909f56bfc062723c751e8b465ee728b)  -> (artifact id: 'e5034c345f24613deae277fc12b8d009') in 0.022182 seconds 
========================================================================
Received Import Request.
  Time since last request: 15.748481 seconds.
  path: Assets/Models/Ch44_1001_Normal.png
  artifactKey: Guid(69a0e91423136f04c94a5109ea88a759) Importer(815301076,1909f56bfc062723c751e8b465ee728b)
Start importing Assets/Models/Ch44_1001_Normal.png using Guid(69a0e91423136f04c94a5109ea88a759) Importer(815301076,1909f56bfc062723c751e8b465ee728b)  -> (artifact id: '3a77a280754e384f502f27b70fba9340') in 0.026007 seconds 
========================================================================
Received Import Request.
  Time since last request: 4.135973 seconds.
  path: Assets/Models/Ch44_Body.mat
  artifactKey: Guid(375f6af5c9885364285f5fdc02cbbfc2) Importer(815301076,1909f56bfc062723c751e8b465ee728b)
Start importing Assets/Models/Ch44_Body.mat using Guid(375f6af5c9885364285f5fdc02cbbfc2) Importer(815301076,1909f56bfc062723c751e8b465ee728b)  -> (artifact id: '0521369f475c260d66323abf397fc6c0') in 0.030550 seconds 
========================================================================
Received Import Request.
  Time since last request: 10.587172 seconds.
  path: Assets/Models/Paladin_diffuse.png
  artifactKey: Guid(fe6855aa9fea68644992086669b2fd8c) Importer(815301076,1909f56bfc062723c751e8b465ee728b)
Start importing Assets/Models/Paladin_diffuse.png using Guid(fe6855aa9fea68644992086669b2fd8c) Importer(815301076,1909f56bfc062723c751e8b465ee728b)  -> (artifact id: 'd46a1ff2ed42660df2a6199d9e9efa66') in 0.027742 seconds 
========================================================================
Received Import Request.
  Time since last request: 1.430532 seconds.
  path: Assets/Models/Paladin_normal.png
  artifactKey: Guid(9963e702a9673444493e2082e6517b3a) Importer(815301076,1909f56bfc062723c751e8b465ee728b)
Start importing Assets/Models/Paladin_normal.png using Guid(9963e702a9673444493e2082e6517b3a) Importer(815301076,1909f56bfc062723c751e8b465ee728b)  -> (artifact id: '59f9cc7e48445215c10567205fdab56f') in 0.024607 seconds 
========================================================================
Received Import Request.
  Time since last request: 3.662385 seconds.
  path: Assets/Models/Paladin_MAT.mat
  artifactKey: Guid(9913d774523fe5848ab69882ab8eeb61) Importer(815301076,1909f56bfc062723c751e8b465ee728b)
Start importing Assets/Models/Paladin_MAT.mat using Guid(9913d774523fe5848ab69882ab8eeb61) Importer(815301076,1909f56bfc062723c751e8b465ee728b)  -> (artifact id: 'ec1116b511f0e26745a553733dd786a0') in 0.088393 seconds 
